* Starting client
* Connecting to master process on port 9924
* Analyzing classpath: 
  - C:\Users\jeanc\eclipse-workspace\javaee\aps\target\classes
* Finished analyzing classpath
* Generating tests for class aps.HexaDecimalToBinary
* Test criteria:
  - Line Coverage
  - Branch Coverage
  - Exception
  - Mutation testing (weak)
  - Method-Output Coverage
  - Top-Level Method Coverage
  - No-Exception Top-Level Method Coverage
  - Branch Coverage
* Setting up search algorithm for whole suite generation
[MASTER] 14:35:45.406 [pool-2-thread-1] WARN  TestSuiteSerialization - Cannot load tests because file does not exist: C:\Users\jeanc\eclipse-workspace\javaee\aps\.evosuite\evosuite-seeds\aps.HexaDecimalToBinary.seed
* Total number of test goals: 
  - Line 15
  - Branch 6
  - Exception 0
  - MutationFactory 95
  - Output 2
  - Method 4
  - MethodNoException 4
  - CBranchFitnessFactory 6
* Using seed 1530552941842
* Starting evolution
* Search finished after 71s and 121 generations, 28349 statements, best individual has fitness: 1.8333333333333333
* Writing sequences to pool
* Minimizing test suite
* Coverage analysis for criterion LINE
* Coverage of criterion LINE: 100%
* Total number of goals: 15
* Number of covered goals: 15
* Coverage analysis for criterion BRANCH
* Coverage of criterion BRANCH: 100%
* Total number of goals: 6
* Number of covered goals: 6
* Coverage analysis for criterion EXCEPTION
* Coverage of criterion EXCEPTION: 100%
* Total number of goals: 2
* Number of covered goals: 2
* Coverage analysis for criterion WEAKMUTATION
* Coverage of criterion WEAKMUTATION: 99%
* Total number of goals: 95
* Number of covered goals: 94
* Coverage analysis for criterion OUTPUT
* Coverage of criterion OUTPUT: 50%
* Total number of goals: 2
* Number of covered goals: 1
* Coverage analysis for criterion METHOD
* Coverage of criterion METHOD: 100%
* Total number of goals: 4
* Number of covered goals: 4
* Coverage analysis for criterion METHODNOEXCEPTION
* Coverage of criterion METHODNOEXCEPTION: 100%
* Total number of goals: 4
* Number of covered goals: 4
* Coverage analysis for criterion CBRANCH
* Coverage of criterion CBRANCH: 100%
* Total number of goals: 6
* Number of covered goals: 6
* Generated 6 tests with total length 12
* Coverage of criterion STATEMENT: 100%
* Total number of goals: 119
* Number of covered goals: 119
* Coverage of criterion ONLYBRANCH: 100%
* Total number of goals: 4
* Number of covered goals: 4
* Coverage of criterion IBRANCH: 100%
* Total number of goals: 10
* Number of covered goals: 10
* Coverage of criterion ONLYMUTATION: 99%
* Total number of goals: 95
* Number of covered goals: 94
* Coverage of criterion MUTATION: 11%
* Total number of goals: 95
* Number of covered goals: 10
* Coverage of criterion INPUT: 0%
* Total number of goals: 6
* Number of covered goals: 0
* Coverage of criterion METHODTRACE: 100%
* Total number of goals: 4
* Number of covered goals: 4
* Resulting test suite's coverage: 94% (average coverage for all fitness functions)
* Generating assertions
[MASTER] 14:37:19.772 [pool-2-thread-1] WARN  TimeController - Phase MINIMIZATION lasted too long, 12 seconds more than allowed.
* Resulting test suite's mutation score: 15%
* Compiling and checking tests
[MASTER] 14:37:50.741 [pool-2-thread-1] WARN  TestSuiteGenerator - JUnit checking timed out
[MASTER] 14:37:50.741 [pool-2-thread-1] WARN  TimeController - Phase JUNIT_CHECK lasted too long, 10 seconds more than allowed.
* Writing JUnit test case 'HexaDecimalToBinary_ESTest' to C:\Users\jeanc\eclipse-workspace\javaee\aps\.evosuite\tmp_2018_07_02_14_35_39\tests
* Done!

