* Starting client
* Connecting to master process on port 9923
* Analyzing classpath: 
  - C:\Users\jeanc\eclipse-workspace\javaee\aps\target\classes
* Finished analyzing classpath
* Generating tests for class aps.OctalToHexadecimal
* Test criteria:
  - Line Coverage
  - Branch Coverage
  - Exception
  - Mutation testing (weak)
  - Method-Output Coverage
  - Top-Level Method Coverage
  - No-Exception Top-Level Method Coverage
  - Branch Coverage
* Setting up search algorithm for whole suite generation
[MASTER] 14:35:45.630 [pool-2-thread-1] WARN  TestSuiteSerialization - Cannot load tests because file does not exist: C:\Users\jeanc\eclipse-workspace\javaee\aps\.evosuite\evosuite-seeds\aps.OctalToHexadecimal.seed
* Total number of test goals: 
  - Line 23
  - Branch 8
  - Exception 0
  - MutationFactory 105
  - Output 5
  - Method 4
  - MethodNoException 4
  - CBranchFitnessFactory 8
* Using seed 1530552941868
* Starting evolution
* Search finished after 78s and 414 generations, 83490 statements, best individual has fitness: 2.333333333333333
* Writing sequences to pool
* Minimizing test suite
* Coverage analysis for criterion LINE
* Coverage of criterion LINE: 100%
* Total number of goals: 23
* Number of covered goals: 23
* Coverage analysis for criterion BRANCH
* Coverage of criterion BRANCH: 100%
* Total number of goals: 8
* Number of covered goals: 8
* Coverage analysis for criterion EXCEPTION
* Coverage of criterion EXCEPTION: 100%
* Total number of goals: 2
* Number of covered goals: 2
* Coverage analysis for criterion WEAKMUTATION
* Coverage of criterion WEAKMUTATION: 98%
* Total number of goals: 105
* Number of covered goals: 103
* Coverage analysis for criterion OUTPUT
* Coverage of criterion OUTPUT: 80%
* Total number of goals: 5
* Number of covered goals: 4
* Coverage analysis for criterion METHOD
* Coverage of criterion METHOD: 100%
* Total number of goals: 4
* Number of covered goals: 4
* Coverage analysis for criterion METHODNOEXCEPTION
* Coverage of criterion METHODNOEXCEPTION: 100%
* Total number of goals: 4
* Number of covered goals: 4
* Coverage analysis for criterion CBRANCH
* Coverage of criterion CBRANCH: 100%
* Total number of goals: 8
* Number of covered goals: 8
* Generated 10 tests with total length 13
* Coverage of criterion STATEMENT: 100%
* Total number of goals: 93
* Number of covered goals: 93
* Coverage of criterion ONLYBRANCH: 100%
* Total number of goals: 6
* Number of covered goals: 6
* Coverage of criterion IBRANCH: 93%
* Total number of goals: 14
* Number of covered goals: 13
* Coverage of criterion ONLYMUTATION: 98%
* Total number of goals: 105
* Number of covered goals: 103
* Coverage of criterion MUTATION: 74%
* Total number of goals: 105
* Number of covered goals: 78
* Coverage of criterion INPUT: 0%
* Total number of goals: 7
* Number of covered goals: 0
* Coverage of criterion METHODTRACE: 100%
* Total number of goals: 4
* Number of covered goals: 4
* Resulting test suite's coverage: 97% (average coverage for all fitness functions)
* Generating assertions
[MASTER] 14:37:33.905 [pool-2-thread-1] WARN  TimeController - Phase MINIMIZATION lasted too long, 17 seconds more than allowed.
* Resulting test suite's mutation score: 33%
* Compiling and checking tests
