* Starting client
* Connecting to master process on port 10867
* Analyzing classpath: 
  - C:\Users\jeanc\eclipse-workspace\javaee\aps\target\classes
* Finished analyzing classpath
* Generating tests for class aps.HexToOct
* Test criteria:
  - Line Coverage
  - Branch Coverage
  - Exception
  - Mutation testing (weak)
  - Method-Output Coverage
  - Top-Level Method Coverage
  - No-Exception Top-Level Method Coverage
  - Branch Coverage
* Setting up search algorithm for whole suite generation
[MASTER] 14:37:42.454 [pool-2-thread-1] WARN  TestSuiteSerialization - Cannot load tests because file does not exist: C:\Users\jeanc\eclipse-workspace\javaee\aps\.evosuite\evosuite-seeds\aps.HexToOct.seed
* Total number of test goals: 
  - Line 24
  - Branch 6
  - Exception 0
  - MutationFactory 149
  - Output 6
  - Method 4
  - MethodNoException 4
  - CBranchFitnessFactory 6
* Using seed 1530553048707
* Starting evolution
[MASTER] 14:37:42.746 [pool-2-thread-1] WARN  TimeController - Phase INITIALIZATION lasted too long, 6 seconds more than allowed.
* Search finished after 47s and 179 generations, 35939 statements, best individual has fitness: 0.8333333333333333
* Writing sequences to pool
* Minimizing test suite
* Coverage analysis for criterion LINE
* Coverage of criterion LINE: 100%
* Total number of goals: 24
* Number of covered goals: 24
* Coverage analysis for criterion BRANCH
* Coverage of criterion BRANCH: 100%
* Total number of goals: 6
* Number of covered goals: 6
* Coverage analysis for criterion EXCEPTION
* Coverage of criterion EXCEPTION: 100%
* Total number of goals: 2
* Number of covered goals: 2
* Coverage analysis for criterion WEAKMUTATION
* Coverage of criterion WEAKMUTATION: 99%
* Total number of goals: 149
* Number of covered goals: 148
* Coverage analysis for criterion OUTPUT
* Coverage of criterion OUTPUT: 100%
* Total number of goals: 6
* Number of covered goals: 6
* Coverage analysis for criterion METHOD
* Coverage of criterion METHOD: 100%
* Total number of goals: 4
* Number of covered goals: 4
* Coverage analysis for criterion METHODNOEXCEPTION
* Coverage of criterion METHODNOEXCEPTION: 100%
* Total number of goals: 4
* Number of covered goals: 4
* Coverage analysis for criterion CBRANCH
* Coverage of criterion CBRANCH: 100%
* Total number of goals: 6
* Number of covered goals: 6
* Generated 10 tests with total length 13
* Coverage of criterion STATEMENT: 100%
* Total number of goals: 95
* Number of covered goals: 95
* Coverage of criterion ONLYBRANCH: 100%
* Total number of goals: 4
* Number of covered goals: 4
* Coverage of criterion IBRANCH: 90%
* Total number of goals: 10
* Number of covered goals: 9
* Coverage of criterion ONLYMUTATION: 99%
* Total number of goals: 149
* Number of covered goals: 148
* Coverage of criterion MUTATION: 76%
* Total number of goals: 149
* Number of covered goals: 113
* Coverage of criterion INPUT: 0%
* Total number of goals: 7
* Number of covered goals: 0
* Coverage of criterion METHODTRACE: 100%
* Total number of goals: 4
* Number of covered goals: 4
* Resulting test suite's coverage: 100% (average coverage for all fitness functions)
* Generating assertions
[MASTER] 14:38:40.730 [pool-2-thread-1] WARN  TimeController - Phase MINIMIZATION lasted too long, 4 seconds more than allowed.
* Resulting test suite's mutation score: 91%
* Compiling and checking tests
* Writing JUnit test case 'HexToOct_ESTest' to C:\Users\jeanc\eclipse-workspace\javaee\aps\.evosuite\tmp_2018_07_02_14_35_39\tests
* Done!

